<?xml version="1.0" encoding="UTF-8"?><testrun name="TestRuner" project="Foreign-Exchange-Rates" tests="1" started="1" failures="0" errors="1" ignored="0">
  <testsuite name="cucumberOptions.TestRuner" time="5.057">
    <testsuite name="Validate Foreign currency exchange rates api with currency conversion" time="5.057">
      <testcase name="Validate Specific date Foreign Exchange Rates" classname="Validate Foreign currency exchange rates api with currency conversion" time="5.057">
        <error>io.cucumber.junit.UndefinedStepException: The step "user validate "date" in response body as "2021-01-01" date" is undefined. You can implement it using the snippet(s) below:

@Then("user validate {string} in response body as {string} date")
public void user_validate_in_response_body_as_date(String string, String string2) {
    // Write code here that turns the phrase above into concrete actions
    throw new io.cucumber.java.PendingException();
}


Some other steps were also undefined:

@Then("user validate {string} target currency in response body as {string}")
public void user_validate_target_currency_in_response_body_as(String string, String string2) {
    // Write code here that turns the phrase above into concrete actions
    throw new io.cucumber.java.PendingException();
}
&#13;
&#13;
</error>
      </testcase>
    </testsuite>
  </testsuite>
</testrun>
