<?xml version="1.0" encoding="UTF-8"?><testrun name="TestRuner" project="Foreign-Exchange-Rates" tests="1" started="1" failures="1" errors="0" ignored="0">
  <testsuite name="cucumberOptions.TestRuner" time="4.295">
    <testsuite name="Validate Foreign currency exchange rates api with currency conversion" time="4.295">
      <testcase name="Validate Latest Foreign Exchange rates API" classname="Validate Foreign currency exchange rates api with currency conversion" time="4.295">
        <failure>java.lang.AssertionError&#13;
	at stepDefinations.CurrExchangeRateSD.user_receive_validation_message_in_response_body(CurrExchangeRateSD.java:179)&#13;
	at âœ½.user receive "error" validation message "Symbols 'EUR' are invalid for date hghgg" in response body(file:///C:/HSBC_CandidateAssessment_Automation_Tester/Foreign-Exchange-Rates/src/test/java/features/CurrExchangeRate.feature:8)&#13;
&#13;
</failure>
      </testcase>
    </testsuite>
  </testsuite>
</testrun>
